<?xml version="1.0" encoding="UTF-8"?>
<!-- Generated by org.testng.reporters.JUnitReportReporter -->
<testsuite hostname="DESKTOP-RKB0UE6" failures="0" tests="13" name="testng_script1.webpage_s1" time="150.125" errors="0" timestamp="2024-05-27T08:37:52 IST" skipped="0">
  <testcase classname="testng_script1.webpage_s1" name="home_page" time="0.034"/>
  <system-out/>
  <testcase classname="testng_script1.webpage_s1" name="open_page" time="9.752"/>
  <system-out/>
  <testcase classname="testng_script1.webpage_s1" name="services_page_container1" time="15.583"/>
  <system-out/>
  <testcase classname="testng_script1.webpage_s1" name="scrollintoview1" time="0.097"/>
  <system-out/>
  <testcase classname="testng_script1.webpage_s1" name="service_page_container2" time="27.751"/>
  <system-out/>
  <testcase classname="testng_script1.webpage_s1" name="scrollintoview2" time="0.078"/>
  <system-out/>
  <testcase classname="testng_script1.webpage_s1" name="service_page_container3" time="21.718"/>
  <system-out/>
  <testcase classname="testng_script1.webpage_s1" name="scrollintoview3" time="0.071"/>
  <system-out/>
  <testcase classname="testng_script1.webpage_s1" name="service_page_container4" time="28.133"/>
  <system-out/>
  <testcase classname="testng_script1.webpage_s1" name="service_page_container5" time="20.644"/>
  <system-out/>
  <testcase classname="testng_script1.webpage_s1" name="service_page_container6" time="19.808"/>
  <system-out/>
  <testcase classname="testng_script1.webpage_s1" name="scrollintoview4" time="0.090"/>
  <system-out/>
  <testcase classname="testng_script1.webpage_s1" name="footer_tab" time="6.366"/>
  <system-out/>
</testsuite> <!-- testng_script1.webpage_s1 -->
